<?xml version="1.0" encoding="UTF-8"?>
<testng-results ignored="0" total="1" passed="1" failed="0" skipped="0">
  <reporter-output>
  </reporter-output>
  <suite started-at="2024-04-06T16:41:25 IST" name="Default suite" finished-at="2024-04-06T16:41:25 IST" duration-ms="138">
    <groups>
    </groups>
    <test started-at="2024-04-06T16:41:25 IST" name="Default test" finished-at="2024-04-06T16:41:25 IST" duration-ms="138">
      <class name="com.automationSample.LinkedList">
        <test-method signature="TestLinked()[pri:0, instance:com.automationSample.LinkedList@614ca7df]" started-at="2024-04-06T16:41:25 IST" name="TestLinked" finished-at="2024-04-06T16:41:25 IST" duration-ms="24" status="PASS">
          <reporter-output>
          </reporter-output>
        </test-method> <!-- TestLinked -->
      </class> <!-- com.automationSample.LinkedList -->
    </test> <!-- Default test -->
  </suite> <!-- Default suite -->
</testng-results>
